18:24:16.259 INFO [GridLauncherV3.parse] - Selenium server version: 3.141.59, revision: e82be7d358
18:24:16.322 INFO [GridLauncherV3.lambda$buildLaunchers$3] - Launching a standalone Selenium Server on port 4444
2023-02-23 18:24:16.368:INFO::main: Logging initialized @265ms to org.seleniumhq.jetty9.util.log.StdErrLog
18:24:16.572 INFO [WebDriverServlet.<init>] - Initialising WebDriverServlet
18:24:16.883 INFO [SeleniumServer.boot] - Selenium Server is up and running on port 4444
18:24:17.225 INFO [ActiveSessionFactory.apply] - Capabilities are: {
  "browserName": "chrome",
  "goog:chromeOptions": {
    "args": [
      "--headless"
    ]
  }
}
18:24:17.228 INFO [ActiveSessionFactory.lambda$apply$11] - Matched factory org.openqa.selenium.grid.session.remote.ServicedSession$Factory (provider: org.openqa.selenium.chrome.ChromeDriverService)
Starting ChromeDriver 110.0.5481.77 (65ed616c6e8ee3fe0ad64fe83796c020644d42af-refs/branch-heads/5481@{#839}) on port 29567
Only local connections are allowed.
Please see https://chromedriver.chromium.org/security-considerations for suggestions on keeping ChromeDriver safe.
ChromeDriver was started successfully.
[1677187459.330][WARNING]: virtual void DevToolsClientImpl::AddListener(DevToolsEventListener *) subscribing a listener to the already connected DevToolsClient. Connection notification will not arrive.
18:24:19.709 INFO [ProtocolHandshake.createSession] - Detected dialect: W3C
18:24:19.728 INFO [RemoteSession$Factory.lambda$performHandshake$0] - Started new session 2462f36cc49a59560c3d8c34de3e898e (org.openqa.selenium.chrome.ChromeDriverService)
18:24:37.288 INFO [ActiveSessions$1.onStop] - Removing session 2462f36cc49a59560c3d8c34de3e898e (org.openqa.selenium.chrome.ChromeDriverService)
